2025-09-27 10:00:00 ScannerA ERROR Connection timeout with PLC
2025-09-27 10:00:05 ScannerB ERROR Connection timeout with PLC
2025-09-27 10:00:26 Belt02 ERROR Conveyor jam detected
2025-09-27 10:00:45 Belt02 ERROR Bag misrouted to wrong gate
2025-09-27 10:00:48 Sorter01 ERROR Temperature sensor fault
2025-09-27 10:00:30 ScannerA ERROR Bag misrouted to wrong gate
2025-09-27 10:00:42 Belt02 ERROR Unexpected shutdown
2025-09-27 10:01:24 Belt01 ERROR Emergency stop pressed
2025-09-27 10:01:28 Belt02 ERROR Connection timeout with PLC
2025-09-27 10:01:12 Belt01 ERROR Conveyor jam detected
2025-09-27 10:02:00 ScannerB ERROR Connection timeout with PLC
2025-09-27 10:01:17 ScannerB ERROR Motor overload detected
2025-09-27 10:01:00 Belt02 ERROR Barcode reader failure
2025-09-27 10:01:18 ScannerB ERROR Barcode reader failure
2025-09-27 10:01:24 ScannerB ERROR Unexpected shutdown
2025-09-27 10:01:45 ScannerB ERROR Barcode reader failure
2025-09-27 10:03:28 Belt01 ERROR Connection timeout with PLC
2025-09-27 10:01:25 Sorter01 ERROR Connection timeout with PLC
2025-09-27 10:01:30 Belt01 ERROR Unexpected shutdown
2025-09-27 10:02:51 Belt02 ERROR Connection timeout with PLC
2025-09-27 10:04:00 Belt01 ERROR Conveyor jam detected
2025-09-27 10:02:27 Belt01 ERROR Connection timeout with PLC
2025-09-27 10:02:56 ScannerB ERROR Bag misrouted to wrong gate
2025-09-27 10:02:18 Belt01 ERROR Bag misrouted to wrong gate
2025-09-27 10:05:36 Belt01 ERROR Bag misrouted to wrong gate
2025-09-27 10:03:20 Belt02 ERROR Temperature sensor fault
2025-09-27 10:03:02 Belt02 ERROR Emergency stop pressed
2025-09-27 10:02:15 Belt01 ERROR Emergency stop pressed
2025-09-27 10:07:00 Belt02 ERROR Temperature sensor fault
2025-09-27 10:03:23 Belt02 ERROR Emergency stop pressed
2025-09-27 10:04:30 ScannerB ERROR Motor overload detected
2025-09-27 10:04:08 Belt02 ERROR Barcode reader failure
2025-09-27 10:05:20 Sorter01 ERROR Connection timeout with PLC
2025-09-27 10:07:42 Sorter01 ERROR Barcode reader failure
2025-09-27 10:03:58 ScannerB ERROR Unexpected shutdown
2025-09-27 10:07:00 ScannerA ERROR Barcode reader failure
2025-09-27 10:07:12 ScannerA ERROR Temperature sensor fault
2025-09-27 10:08:01 Sorter01 ERROR Unexpected shutdown
2025-09-27 10:03:48 ScannerA ERROR Bag misrouted to wrong gate
2025-09-27 10:09:45 Belt01 ERROR Emergency stop pressed
2025-09-27 10:06:40 Belt02 ERROR Conveyor jam detected
2025-09-27 10:05:28 Belt01 ERROR Connection timeout with PLC
2025-09-27 10:07:42 ScannerA ERROR Conveyor jam detected
2025-09-27 10:03:35 Belt01 ERROR Barcode reader failure
2025-09-27 10:05:08 Belt02 ERROR Motor overload detected
2025-09-27 10:03:45 ScannerB ERROR Emergency stop pressed
2025-09-27 10:06:08 Belt02 ERROR Bag misrouted to wrong gate
2025-09-27 10:07:50 Sorter01 ERROR Connection timeout with PLC
2025-09-27 10:04:48 Belt02 ERROR Bag misrouted to wrong gate
2025-09-27 10:10:37 Sorter01 ERROR Barcode reader failure
2025-09-27 10:05:50 Belt02 ERROR Unexpected shutdown
2025-09-27 10:12:45 Belt01 ERROR Emergency stop pressed
2025-09-27 10:06:56 ScannerB ERROR Unexpected shutdown
2025-09-27 10:12:22 ScannerA ERROR Motor overload detected
2025-09-27 10:13:30 ScannerB ERROR Motor overload detected
2025-09-27 10:08:15 ScannerB ERROR Barcode reader failure
2025-09-27 10:14:00 Sorter01 ERROR Bag misrouted to wrong gate
2025-09-27 10:10:27 Belt02 ERROR Motor overload detected
2025-09-27 10:06:46 ScannerB ERROR Motor overload detected
2025-09-27 10:04:55 ScannerA ERROR Conveyor jam detected
2025-09-27 10:06:00 ScannerB ERROR Conveyor jam detected
2025-09-27 10:13:13 Belt01 ERROR Unexpected shutdown
2025-09-27 10:06:12 ScannerB ERROR Motor overload detected
2025-09-27 10:06:18 ScannerB ERROR Temperature sensor fault
2025-09-27 10:13:52 Belt02 ERROR Unexpected shutdown
2025-09-27 10:09:45 Belt02 ERROR Conveyor jam detected
2025-09-27 10:16:30 Belt01 ERROR Unexpected shutdown
2025-09-27 10:14:31 Belt01 ERROR Barcode reader failure
2025-09-27 10:15:52 ScannerA ERROR Barcode reader failure
2025-09-27 10:09:12 Belt02 ERROR Connection timeout with PLC
2025-09-27 10:07:00 ScannerA ERROR Unexpected shutdown
2025-09-27 10:11:50 Belt01 ERROR Temperature sensor fault
2025-09-27 10:09:36 ScannerB ERROR Emergency stop pressed
2025-09-27 10:06:05 ScannerB ERROR Motor overload detected
2025-09-27 10:16:02 Belt01 ERROR Motor overload detected
2025-09-27 10:07:30 Belt02 ERROR Temperature sensor fault
2025-09-27 10:10:08 Belt01 ERROR Connection timeout with PLC
2025-09-27 10:11:33 ScannerB ERROR Barcode reader failure
2025-09-27 10:07:48 ScannerA ERROR Connection timeout with PLC
2025-09-27 10:10:32 Sorter01 ERROR Unexpected shutdown
2025-09-27 10:10:40 Sorter01 ERROR Conveyor jam detected
2025-09-27 10:08:06 Belt02 ERROR Motor overload detected
2025-09-27 10:12:18 Sorter01 ERROR Temperature sensor fault
2025-09-27 10:16:36 ScannerA ERROR Bag misrouted to wrong gate
2025-09-27 10:18:12 Belt02 ERROR Unexpected shutdown
2025-09-27 10:07:05 ScannerA ERROR Unexpected shutdown
2025-09-27 10:21:30 ScannerA ERROR Emergency stop pressed
2025-09-27 10:11:36 ScannerA ERROR Conveyor jam detected
2025-09-27 10:22:00 Sorter01 ERROR Emergency stop pressed
2025-09-27 10:10:23 Belt01 ERROR Connection timeout with PLC
2025-09-27 10:12:00 Sorter01 ERROR Barcode reader failure
2025-09-27 10:22:45 ScannerB ERROR Barcode reader failure
2025-09-27 10:15:20 ScannerA ERROR Connection timeout with PLC
2025-09-27 10:20:09 ScannerA ERROR Unexpected shutdown
2025-09-27 10:10:58 ScannerA ERROR Temperature sensor fault
2025-09-27 10:22:10 Belt02 ERROR Barcode reader failure
2025-09-27 10:17:36 Belt01 ERROR Motor overload detected
2025-09-27 10:17:47 Belt01 ERROR Connection timeout with PLC
2025-09-27 10:19:36 ScannerA ERROR Unexpected shutdown
2025-09-27 10:16:30 Belt02 ERROR Barcode reader failure
2025-09-27 10:11:40 ScannerB ERROR Temperature sensor fault
2025-09-27 10:25:15 ScannerA ERROR Emergency stop pressed
2025-09-27 10:15:18 ScannerB ERROR Bag misrouted to wrong gate
2025-09-27 10:18:53 ScannerA ERROR Emergency stop pressed
2025-09-27 10:26:00 Sorter01 ERROR Bag misrouted to wrong gate
2025-09-27 10:24:30 ScannerB ERROR Unexpected shutdown
2025-09-27 10:08:50 ScannerB ERROR Connection timeout with PLC
2025-09-27 10:24:58 Belt02 ERROR Emergency stop pressed
2025-09-27 10:25:12 Belt02 ERROR Temperature sensor fault
2025-09-27 10:16:21 Belt01 ERROR Connection timeout with PLC
2025-09-27 10:18:20 Belt01 ERROR Motor overload detected
2025-09-27 10:09:15 ScannerB ERROR Conveyor jam detected
2025-09-27 10:16:48 ScannerA ERROR Barcode reader failure
2025-09-27 10:26:22 ScannerB ERROR Emergency stop pressed
2025-09-27 10:19:00 ScannerB ERROR Barcode reader failure
2025-09-27 10:28:45 Sorter01 ERROR Emergency stop pressed
2025-09-27 10:29:00 Belt02 ERROR Motor overload detected
2025-09-27 10:27:18 Belt01 ERROR Emergency stop pressed
2025-09-27 10:29:30 ScannerA ERROR Bag misrouted to wrong gate
2025-09-27 10:09:55 ScannerB ERROR Motor overload detected
2025-09-27 10:10:00 ScannerA ERROR Connection timeout with PLC
2025-09-27 10:10:05 ScannerB ERROR Motor overload detected
2025-09-27 10:24:24 Belt02 ERROR Unexpected shutdown
2025-09-27 10:24:36 ScannerA ERROR Barcode reader failure
2025-09-27 10:18:36 Sorter01 ERROR Motor overload detected
2025-09-27 10:12:30 Belt02 ERROR Conveyor jam detected
2025-09-27 10:25:12 ScannerA ERROR Conveyor jam detected
2025-09-27 10:29:38 ScannerA ERROR Unexpected shutdown
2025-09-27 10:19:12 ScannerA ERROR Temperature sensor fault
2025-09-27 10:21:30 Belt02 ERROR Barcode reader failure
2025-09-27 10:15:10 Sorter01 ERROR Connection timeout with PLC
2025-09-27 10:15:17 ScannerA ERROR Barcode reader failure
2025-09-27 10:30:48 Belt02 ERROR Conveyor jam detected
2025-09-27 10:28:49 Sorter01 ERROR Connection timeout with PLC
2025-09-27 10:15:38 Sorter01 ERROR Conveyor jam detected
2025-09-27 10:11:15 Belt01 ERROR Conveyor jam detected
2025-09-27 10:29:28 Belt02 ERROR Motor overload detected
2025-09-27 10:34:15 Sorter01 ERROR Conveyor jam detected
2025-09-27 10:13:48 Belt02 ERROR Temperature sensor fault
2025-09-27 10:30:07 Belt01 ERROR Unexpected shutdown
2025-09-27 10:30:20 ScannerA ERROR Bag misrouted to wrong gate
2025-09-27 10:23:30 ScannerB ERROR Unexpected shutdown
2025-09-27 10:26:02 Sorter01 ERROR Bag misrouted to wrong gate
2025-09-27 10:30:59 ScannerB ERROR Bag misrouted to wrong gate
2025-09-27 10:12:00 ScannerB ERROR Conveyor jam detected
2025-09-27 10:31:25 Sorter01 ERROR Conveyor jam detected
2025-09-27 10:21:54 Belt01 ERROR Bag misrouted to wrong gate
2025-09-27 10:26:57 ScannerB ERROR Bag misrouted to wrong gate
2025-09-27 10:17:16 Sorter01 ERROR Conveyor jam detected
2025-09-27 10:32:17 Sorter01 ERROR Motor overload detected
2025-09-27 10:17:30 Belt02 ERROR Barcode reader failure
2025-09-27 10:22:39 Belt02 ERROR Connection timeout with PLC
2025-09-27 10:17:44 Belt02 ERROR Bag misrouted to wrong gate
2025-09-27 10:28:03 Belt01 ERROR Unexpected shutdown
2025-09-27 10:17:58 Belt02 ERROR Unexpected shutdown
2025-09-27 10:12:55 ScannerA ERROR Temperature sensor fault
2025-09-27 10:15:36 ScannerA ERROR Barcode reader failure
2025-09-27 10:23:33 ScannerA ERROR Connection timeout with PLC
2025-09-27 10:21:04 ScannerA ERROR Emergency stop pressed
2025-09-27 10:39:45 Belt01 ERROR Temperature sensor fault
2025-09-27 10:26:40 ScannerB ERROR Conveyor jam detected
2025-09-27 10:13:25 Belt01 ERROR Conveyor jam detected
2025-09-27 10:35:06 ScannerA ERROR Bag misrouted to wrong gate
2025-09-27 10:35:19 Belt01 ERROR Temperature sensor fault
2025-09-27 10:38:16 ScannerA ERROR Conveyor jam detected
2025-09-27 10:30:15 ScannerB ERROR Conveyor jam detected
2025-09-27 10:27:40 Sorter01 ERROR Conveyor jam detected
2025-09-27 10:41:45 Sorter01 ERROR Motor overload detected
2025-09-27 10:39:12 Belt01 ERROR Motor overload detected
2025-09-27 10:39:26 Belt01 ERROR Barcode reader failure
2025-09-27 10:14:10 Belt02 ERROR Connection timeout with PLC
2025-09-27 10:17:06 Belt02 ERROR Barcode reader failure
2025-09-27 10:34:24 ScannerA ERROR Conveyor jam detected
2025-09-27 10:37:29 Belt02 ERROR Bag misrouted to wrong gate
2025-09-27 10:31:54 ScannerB ERROR Emergency stop pressed
2025-09-27 10:32:05 Belt01 ERROR Connection timeout with PLC
2025-09-27 10:41:04 ScannerB ERROR Unexpected shutdown
2025-09-27 10:29:30 ScannerB ERROR Unexpected shutdown
2025-09-27 10:44:30 Belt02 ERROR Unexpected shutdown
2025-09-27 10:35:48 Belt01 ERROR Bag misrouted to wrong gate
2025-09-27 10:33:00 Belt01 ERROR Barcode reader failure
2025-09-27 10:42:14 Belt02 ERROR Connection timeout with PLC
2025-09-27 10:30:20 Belt02 ERROR Unexpected shutdown
2025-09-27 10:24:24 ScannerB ERROR Conveyor jam detected
2025-09-27 10:24:32 ScannerB ERROR Conveyor jam detected
2025-09-27 10:33:55 ScannerB ERROR Connection timeout with PLC
2025-09-27 10:18:36 ScannerB ERROR Motor overload detected
2025-09-27 10:43:38 ScannerB ERROR Emergency stop pressed
2025-09-27 10:25:04 Belt02 ERROR Conveyor jam detected
2025-09-27 10:15:45 ScannerB ERROR Motor overload detected
2025-09-27 10:47:30 ScannerB ERROR Conveyor jam detected
2025-09-27 10:19:06 Belt02 ERROR Conveyor jam detected
2025-09-27 10:22:24 Sorter01 ERROR Emergency stop pressed
2025-09-27 10:16:05 ScannerB ERROR Unexpected shutdown
2025-09-27 10:32:20 Belt02 ERROR Connection timeout with PLC
2025-09-27 10:32:30 Belt01 ERROR Conveyor jam detected
2025-09-27 10:32:40 Sorter01 ERROR Bag misrouted to wrong gate
2025-09-27 10:36:07 Belt02 ERROR Bag misrouted to wrong gate
2025-09-27 10:23:06 Belt02 ERROR Connection timeout with PLC
2025-09-27 10:46:26 ScannerA ERROR Motor overload detected